<?xml version="1.0" encoding="UTF-8"?>
<testng-results total="1" passed="1" failed="0" skipped="0">
  <reporter-output>
  </reporter-output>
  <suite started-at="2024-06-30T04:21:41Z" name="Default suite" finished-at="2024-06-30T04:21:42Z" duration-ms="1013">
    <groups>
    </groups>
    <test started-at="2024-06-30T04:21:41Z" name="Default test" finished-at="2024-06-30T04:21:42Z" duration-ms="1013">
      <class name="SumValidtion">
        <test-method signature="sumOfCourses()[pri:0, instance:SumValidtion@d737b89]" started-at="2024-06-30T09:51:41Z" name="sumOfCourses" finished-at="2024-06-30T09:51:42Z" duration-ms="997" status="PASS">
          <reporter-output>
          </reporter-output>
        </test-method> <!-- sumOfCourses -->
      </class> <!-- SumValidtion -->
    </test> <!-- Default test -->
  </suite> <!-- Default suite -->
</testng-results>
